# do {sel_display7_tb_compile.do}
# ** Warning: (vlib-34) Library already exists at "work".
# 
# ** Warning: (vlib-34) Library already exists at "msim".
# 
# ** Warning: (vlib-34) Library already exists at "msim/xil_defaultlib".
# 
# Model Technology ModelSim PE vmap 10.4c Lib Mapping Utility 2015.07 Jul 20 2015
# vmap xil_defaultlib msim/xil_defaultlib 
# Modifying modelsim.ini
# ** Warning: (vlog-159) Mode option -64 is not supported in this context and will be ignored.
# 
# Model Technology ModelSim PE vlog 10.4c Compiler 2015.07 Jul 20 2015
# Start time: 23:16:31 on Dec 06,2024
# vlog -64 -incr -work xil_defaultlib ../../../DL_BigHW.srcs/sources_1/new/7_segment_display.v ../../../DL_BigHW.srcs/sources_1/new/sel_display7.v ../../../DL_BigHW.srcs/sim_1/new/sel_display7_tb.v 
# -- Skipping module display7
# -- Compiling module combine_display7
# -- Compiling module display7_divider
# -- Compiling module sel_display7
# -- Skipping module sel_display7_tb
# 
# Top level modules:
# 	combine_display7
# 	sel_display7_tb
# End time: 23:16:31 on Dec 06,2024, Elapsed time: 0:00:00
# Errors: 0, Warnings: 1
# Model Technology ModelSim PE vlog 10.4c Compiler 2015.07 Jul 20 2015
# Start time: 23:16:31 on Dec 06,2024
# vlog -work xil_defaultlib glbl.v 
# -- Compiling module glbl
# 
# Top level modules:
# 	glbl
# End time: 23:16:31 on Dec 06,2024, Elapsed time: 0:00:00
# Errors: 0, Warnings: 0
