# do {sel_display7_tb_simulate.do}
# vsim -voptargs=""+acc"" -L unisims_ver -L unimacro_ver -L secureip -L xil_defaultlib -lib xil_defaultlib xil_defaultlib.sel_display7_tb xil_defaultlib.glbl 
# Start time: 23:16:59 on Dec 06,2024
# Loading xil_defaultlib.sel_display7_tb
# Loading xil_defaultlib.sel_display7
# Loading xil_defaultlib.display7
# Loading xil_defaultlib.glbl
# ** Warning: (vsim-3017) ../../../DL_BigHW.srcs/sim_1/new/sel_display7_tb.v(10): [TFMPC] - Too few port connections. Expected 6, found 5.
#    Time: 0 ps  Iteration: 0  Instance: /sel_display7_tb/uut File: ../../../DL_BigHW.srcs/sources_1/new/sel_display7.v
# ** Warning: (vsim-3722) ../../../DL_BigHW.srcs/sim_1/new/sel_display7_tb.v(10): [TFMPC] - Missing connection for port 'set'.
# .main_pane.wave.interior.cs.body.pw.wf
# .main_pane.structure.interior.cs.body.struct
# .main_pane.objects.interior.cs.body.tree
# End time: 23:18:17 on Dec 06,2024, Elapsed time: 0:01:18
# Errors: 0, Warnings: 2
#  Trace back: invalid command name ".main_pane.wave.interior.cs.body.pw.wf.grid.row0,wave.data"
#     while executing
# "$widget index @$x,$y"
#     (procedure "WaveABar::mouseMotionUpdate" line 19)
#     invoked from within
# "WaveABar::mouseMotionUpdate .main_pane.wave.interior.cs.body.pw.wf.grid.row0,wave.data .main_pane.wave.interior.cs.body.pw.wf 429 725"
#     ("after" script)
#    <2:C:/WorkSpace/ModelSim/win32pe/tk8.5/bgerror.tcl:92: ::tkerror {invalid command name ".main_pane.wave.interior.cs.body.pw.wf.grid.row0,wave.data"}
#    <1:eval:1: ::tk::dialog::error::bgerror {invalid command name ".main_pane.wave.interior.cs.body.pw.wf.grid.row0,wave.data"}
